<?xml version="1.0" encoding="UTF-8"?>
<!-- Generated by org.testng.reporters.JUnitReportReporter -->
<testsuite hostname="DESKTOP-950E3SU" name="com.test.VerifyDashBoard" tests="1" failures="0" timestamp="25 May 2018 07:38:55 GMT" time="15.098" errors="0">
  <testcase name="testDashBoard" time="15.098" classname="com.test.VerifyDashBoard"/>
</testsuite> <!-- com.test.VerifyDashBoard -->
